# JRE version: Java(TM) SE Runtime Environment (8.0_221-b11) (build 1.8.0_221-b11)
# Java VM: Java HotSpot(TM) 64-Bit Server VM (25.221-b11 mixed mode windows-amd64 compressed oops)
Heap:
 PSYoungGen      total 272896K, used 23857K [0x000000076b000000, 0x0000000781180000, 0x00000007c0000000)
  eden space 262144K, 9% used [0x000000076b000000,0x000000076c74c6c0,0x000000077b000000)
  from space 10752K, 0% used [0x000000077b000000,0x000000077b000000,0x000000077ba80000)
  to   space 15872K, 0% used [0x0000000780200000,0x0000000780200000,0x0000000781180000)
 ParOldGen       total 147456K, used 16682K [0x00000006c1000000, 0x00000006ca000000, 0x000000076b000000)
  object space 147456K, 11% used [0x00000006c1000000,0x00000006c204a818,0x00000006ca000000)
 Metaspace       used 39717K, capacity 41532K, committed 41856K, reserved 1085440K
  class space    used 5339K, capacity 5688K, committed 5760K, reserved 1048576K
GC Heap History (10 events):
Event: 1.359 GC heap before
{Heap before GC invocations=3 (full 0):
 PSYoungGen      total 141824K, used 25134K [0x000000076b000000, 0x0000000774500000, 0x00000007c0000000)
  eden space 131072K, 11% used [0x000000076b000000,0x000000076bf1f0c0,0x0000000773000000)
  from space 10752K, 89% used [0x0000000773a80000,0x00000007743ec8f0,0x0000000774500000)
  to   space 10752K, 0% used [0x0000000773000000,0x0000000773000000,0x0000000773a80000)
 ParOldGen       total 175104K, used 27K [0x00000006c1000000, 0x00000006cbb00000, 0x000000076b000000)
  object space 175104K, 0% used [0x00000006c1000000,0x00000006c1006c10,0x00000006cbb00000)
 Metaspace       used 20681K, capacity 21214K, committed 21296K, reserved 1067008K
  class space    used 2725K, capacity 2891K, committed 2944K, reserved 1048576K
Event: 1.366 GC heap after
Heap after GC invocations=3 (full 0):
 PSYoungGen      total 141824K, used 6479K [0x000000076b000000, 0x000000077c500000, 0x00000007c0000000)
  eden space 131072K, 0% used [0x000000076b000000,0x000000076b000000,0x0000000773000000)
  from space 10752K, 60% used [0x0000000773000000,0x0000000773653e88,0x0000000773a80000)
  to   space 10752K, 0% used [0x000000077ba80000,0x000000077ba80000,0x000000077c500000)
 ParOldGen       total 175104K, used 35K [0x00000006c1000000, 0x00000006cbb00000, 0x000000076b000000)
  object space 175104K, 0% used [0x00000006c1000000,0x00000006c1008c10,0x00000006cbb00000)
 Metaspace       used 20681K, capacity 21214K, committed 21296K, reserved 1067008K
  class space    used 2725K, capacity 2891K, committed 2944K, reserved 1048576K
}
Event: 1.366 GC heap before
{Heap before GC invocations=4 (full 1):
 PSYoungGen      total 141824K, used 6479K [0x000000076b000000, 0x000000077c500000, 0x00000007c0000000)
  eden space 131072K, 0% used [0x000000076b000000,0x000000076b000000,0x0000000773000000)
  from space 10752K, 60% used [0x0000000773000000,0x0000000773653e88,0x0000000773a80000)
  to   space 10752K, 0% used [0x000000077ba80000,0x000000077ba80000,0x000000077c500000)
 ParOldGen       total 175104K, used 35K [0x00000006c1000000, 0x00000006cbb00000, 0x000000076b000000)
  object space 175104K, 0% used [0x00000006c1000000,0x00000006c1008c10,0x00000006cbb00000)
 Metaspace       used 20681K, capacity 21214K, committed 21296K, reserved 1067008K
  class space    used 2725K, capacity 2891K, committed 2944K, reserved 1048576K
Event: 1.394 GC heap after
Heap after GC invocations=4 (full 1):
 PSYoungGen      total 141824K, used 0K [0x000000076b000000, 0x000000077c500000, 0x00000007c0000000)
  eden space 131072K, 0% used [0x000000076b000000,0x000000076b000000,0x0000000773000000)
  from space 10752K, 0% used [0x0000000773000000,0x0000000773000000,0x0000000773a80000)
  to   space 10752K, 0% used [0x000000077ba80000,0x000000077ba80000,0x000000077c500000)
 ParOldGen       total 94720K, used 6339K [0x00000006c1000000, 0x00000006c6c80000, 0x000000076b000000)
  object space 94720K, 6% used [0x00000006c1000000,0x00000006c1630c08,0x00000006c6c80000)
 Metaspace       used 20679K, capacity 21208K, committed 21296K, reserved 1067008K
  class space    used 2725K, capacity 2890K, committed 2944K, reserved 1048576K
}
Event: 2.452 GC heap before
{Heap before GC invocations=5 (full 1):
 PSYoungGen      total 141824K, used 131072K [0x000000076b000000, 0x000000077c500000, 0x00000007c0000000)
  eden space 131072K, 100% used [0x000000076b000000,0x0000000773000000,0x0000000773000000)
  from space 10752K, 0% used [0x0000000773000000,0x0000000773000000,0x0000000773a80000)
  to   space 10752K, 0% used [0x000000077ba80000,0x000000077ba80000,0x000000077c500000)
 ParOldGen       total 94720K, used 6367K [0x00000006c1000000, 0x00000006c6c80000, 0x000000076b000000)
  object space 94720K, 6% used [0x00000006c1000000,0x00000006c1637d88,0x00000006c6c80000)
 Metaspace       used 28974K, capacity 30366K, committed 30464K, reserved 1075200K
  class space    used 3808K, capacity 4086K, committed 4096K, reserved 1048576K
Event: 2.462 GC heap after
Heap after GC invocations=5 (full 1):
 PSYoungGen      total 222208K, used 10743K [0x000000076b000000, 0x000000077c500000, 0x00000007c0000000)
  eden space 211456K, 0% used [0x000000076b000000,0x000000076b000000,0x0000000777e80000)
  from space 10752K, 99% used [0x000000077ba80000,0x000000077c4fdc98,0x000000077c500000)
  to   space 10752K, 0% used [0x000000077b000000,0x000000077b000000,0x000000077ba80000)
 ParOldGen       total 94720K, used 9253K [0x00000006c1000000, 0x00000006c6c80000, 0x000000076b000000)
  object space 94720K, 9% used [0x00000006c1000000,0x00000006c1909460,0x00000006c6c80000)
 Metaspace       used 28974K, capacity 30366K, committed 30464K, reserved 1075200K
  class space    used 3808K, capacity 4086K, committed 4096K, reserved 1048576K
}
Event: 4.299 GC heap before
{Heap before GC invocations=6 (full 1):
 PSYoungGen      total 222208K, used 98726K [0x000000076b000000, 0x000000077c500000, 0x00000007c0000000)
  eden space 211456K, 41% used [0x000000076b000000,0x00000007705ebbf0,0x0000000777e80000)
  from space 10752K, 99% used [0x000000077ba80000,0x000000077c4fdc98,0x000000077c500000)
  to   space 10752K, 0% used [0x000000077b000000,0x000000077b000000,0x000000077ba80000)
 ParOldGen       total 94720K, used 9253K [0x00000006c1000000, 0x00000006c6c80000, 0x000000076b000000)
  object space 94720K, 9% used [0x00000006c1000000,0x00000006c1909460,0x00000006c6c80000)
 Metaspace       used 33624K, capacity 35396K, committed 35496K, reserved 1079296K
  class space    used 4432K, capacity 4782K, committed 4864K, reserved 1048576K
Event: 4.313 GC heap after
Heap after GC invocations=6 (full 1):
 PSYoungGen      total 272896K, used 10731K [0x000000076b000000, 0x0000000781180000, 0x00000007c0000000)
  eden space 262144K, 0% used [0x000000076b000000,0x000000076b000000,0x000000077b000000)
  from space 10752K, 99% used [0x000000077b000000,0x000000077ba7ae98,0x000000077ba80000)
  to   space 15872K, 0% used [0x0000000780200000,0x0000000780200000,0x0000000781180000)
 ParOldGen       total 94720K, used 11295K [0x00000006c1000000, 0x00000006c6c80000, 0x000000076b000000)
  object space 94720K, 11% used [0x00000006c1000000,0x00000006c1b07c18,0x00000006c6c80000)
 Metaspace       used 33624K, capacity 35396K, committed 35496K, reserved 1079296K
  class space    used 4432K, capacity 4782K, committed 4864K, reserved 1048576K
}
Event: 4.313 GC heap before
{Heap before GC invocations=7 (full 2):
 PSYoungGen      total 272896K, used 10731K [0x000000076b000000, 0x0000000781180000, 0x00000007c0000000)
  eden space 262144K, 0% used [0x000000076b000000,0x000000076b000000,0x000000077b000000)
  from space 10752K, 99% used [0x000000077b000000,0x000000077ba7ae98,0x000000077ba80000)
  to   space 15872K, 0% used [0x0000000780200000,0x0000000780200000,0x0000000781180000)
 ParOldGen       total 94720K, used 11295K [0x00000006c1000000, 0x00000006c6c80000, 0x000000076b000000)
  object space 94720K, 11% used [0x00000006c1000000,0x00000006c1b07c18,0x00000006c6c80000)
 Metaspace       used 33624K, capacity 35396K, committed 35496K, reserved 1079296K
  class space    used 4432K, capacity 4782K, committed 4864K, reserved 1048576K
Event: 4.378 GC heap after
Heap after GC invocations=7 (full 2):
 PSYoungGen      total 272896K, used 0K [0x000000076b000000, 0x0000000781180000, 0x00000007c0000000)
  eden space 262144K, 0% used [0x000000076b000000,0x000000076b000000,0x000000077b000000)
  from space 10752K, 0% used [0x000000077b000000,0x000000077b000000,0x000000077ba80000)
  to   space 15872K, 0% used [0x0000000780200000,0x0000000780200000,0x0000000781180000)
 ParOldGen       total 147456K, used 16682K [0x00000006c1000000, 0x00000006ca000000, 0x000000076b000000)
  object space 147456K, 11% used [0x00000006c1000000,0x00000006c204a818,0x00000006ca000000)
 Metaspace       used 33624K, capacity 35396K, committed 35496K, reserved 1079296K
  class space    used 4432K, capacity 4782K, committed 4864K, reserved 1048576K
}

